TN:
SF:/home/alexandradahlberg/karin-alexandra.dahlberg.5793/inluppar/inlupp1/linked_list.c
FN:26,value_equiv
FNDA:0,value_equiv
FN:33,ioopm_linked_list_create
FNDA:26,ioopm_linked_list_create
FN:40,ioopm_linked_list_destroy
FNDA:24,ioopm_linked_list_destroy
FN:46,create_link
FNDA:60,create_link
FN:54,destroy_link
FNDA:0,destroy_link
FN:59,addfirstlink
FNDA:18,addfirstlink
FN:67,ioopm_linked_list_append
FNDA:60,ioopm_linked_list_append
FN:83,ioopm_linked_list_prepend
FNDA:18,ioopm_linked_list_prepend
FN:99,ioopm_linked_list_insert
FNDA:0,ioopm_linked_list_insert
FN:128,ioopm_linked_list_remove
FNDA:0,ioopm_linked_list_remove
FN:164,ioopm_linked_list_get
FNDA:94,ioopm_linked_list_get
FN:184,ioopm_linked_list_contains
FNDA:0,ioopm_linked_list_contains
FN:204,ioopm_linked_list_size
FNDA:24,ioopm_linked_list_size
FN:241,ioopm_linked_list_is_empty
FNDA:24,ioopm_linked_list_is_empty
FN:255,ioopm_linked_list_clear
FNDA:24,ioopm_linked_list_clear
FN:271,hasallvalues
FNDA:0,hasallvalues
FN:276,has_any_value
FNDA:0,has_any_value
FN:286,ioopm_linked_list_all
FNDA:0,ioopm_linked_list_all
FN:308,ioopm_linked_list_any
FNDA:0,ioopm_linked_list_any
FN:319,changeallvaluestoarg
FNDA:0,changeallvaluestoarg
FN:335,ioopm_linked_list_apply_to_all
FNDA:0,ioopm_linked_list_apply_to_all
DA:26,0
DA:28,0
DA:29,0
DA:30,0
DA:33,26
DA:35,26
DA:36,26
DA:37,26
DA:40,24
DA:42,24
DA:43,24
DA:44,24
DA:46,60
DA:48,60
DA:49,60
DA:50,60
DA:51,60
DA:54,0
DA:56,0
DA:57,0
DA:59,18
DA:61,18
DA:62,18
DA:63,18
DA:64,18
DA:65,18
DA:67,60
DA:69,60
DA:71,18
DA:75,42
DA:76,42
DA:77,42
DA:78,42
DA:80,60
DA:83,18
DA:85,18
DA:87,18
DA:91,0
DA:92,0
DA:93,0
DA:94,0
DA:96,18
DA:99,0
DA:101,0
DA:103,0
DA:105,0
DA:107,0
DA:108,0
DA:111,0
DA:113,0
DA:114,0
DA:117,0
DA:118,0
DA:120,0
DA:122,0
DA:123,0
DA:124,0
DA:128,0
DA:130,0
DA:131,0
DA:133,0
DA:135,0
DA:138,0
DA:139,0
DA:140,0
DA:141,0
DA:142,0
DA:146,0
DA:148,0
DA:150,0
DA:151,0
DA:152,0
DA:153,0
DA:154,0
DA:155,0
DA:157,0
DA:159,0
DA:164,94
DA:166,94
DA:168,0
DA:171,94
DA:172,298
DA:174,204
DA:177,94
DA:184,0
DA:186,0
DA:187,0
DA:189,0
DA:191,0
DA:195,0
DA:198,0
DA:204,24
DA:213,24
DA:241,24
DA:243,24
DA:245,6
DA:249,18
DA:255,24
DA:257,24
DA:259,6
DA:261,18
DA:262,78
DA:264,60
DA:265,60
DA:266,60
DA:268,18
DA:271,0
DA:273,0
DA:276,0
DA:278,0
DA:286,0
DA:288,0
DA:289,0
DA:290,0
DA:292,0
DA:293,0
DA:294,0
DA:295,0
DA:297,0
DA:298,0
DA:299,0
DA:308,0
DA:310,0
DA:311,0
DA:313,0
DA:314,0
DA:315,0
DA:317,0
DA:319,0
DA:321,0
DA:330,0
DA:335,0
DA:337,0
DA:338,0
DA:340,0
DA:341,0
DA:343,0
end_of_record
TN:
SF:/home/alexandradahlberg/karin-alexandra.dahlberg.5793/inluppar/inlupp1/iterator.c
FN:31,ioopm_list_iterator
FNDA:0,ioopm_list_iterator
FN:40,ioopm_iterator_has_next
FNDA:0,ioopm_iterator_has_next
FN:57,ioopm_iterator_next
FNDA:0,ioopm_iterator_next
FN:83,ioopm_iterator_reset
FNDA:0,ioopm_iterator_reset
FN:88,ioopm_iterator_current
FNDA:0,ioopm_iterator_current
FN:93,ioopm_iterator_destroy
FNDA:0,ioopm_iterator_destroy
DA:31,0
DA:33,0
DA:34,0
DA:35,0
DA:37,0
DA:40,0
DA:42,0
DA:44,0
DA:47,0
DA:49,0
DA:53,0
DA:57,0
DA:59,0
DA:61,0
DA:65,0
DA:66,0
DA:83,0
DA:85,0
DA:86,0
DA:88,0
DA:90,0
DA:93,0
DA:95,0
DA:96,0
end_of_record
TN:
SF:/home/alexandradahlberg/karin-alexandra.dahlberg.5793/inluppar/inlupp1/common.c
FN:5,elem_equality_func_int
FNDA:0,elem_equality_func_int
FN:17,elem_equality_func_str
FNDA:0,elem_equality_func_str
FN:29,elem_equality_func_unsig_int
FNDA:0,elem_equality_func_unsig_int
FN:41,elem_equality_func_bool
FNDA:0,elem_equality_func_bool
FN:53,elem_equality_func_float
FNDA:0,elem_equality_func_float
DA:5,0
DA:7,0
DA:9,0
DA:13,0
DA:17,0
DA:19,0
DA:21,0
DA:25,0
DA:29,0
DA:31,0
DA:33,0
DA:37,0
DA:41,0
DA:43,0
DA:45,0
DA:49,0
DA:53,0
DA:55,0
DA:57,0
DA:61,0
end_of_record
TN:
SF:/home/alexandradahlberg/karin-alexandra.dahlberg.5793/inluppar/inlupp1/hash_table.c
FN:27,key_equiv
FNDA:1,key_equiv
FN:34,value_equiv
FNDA:21,value_equiv
FN:46,hash_map_func_int
FNDA:68,hash_map_func_int
FN:63,find_previous_entry_for_key
FNDA:66,find_previous_entry_for_key
FN:86,entry_create
FNDA:49,entry_create
FN:95,ioopm_hash_table_destroy
FNDA:24,ioopm_hash_table_destroy
FN:102,ioopm_hash_table_create
FNDA:24,ioopm_hash_table_create
FN:110,ioopm_hash_table_insert
FNDA:52,ioopm_hash_table_insert
FN:140,ioopm_hash_table_lookup
FNDA:12,ioopm_hash_table_lookup
FN:177,ioopm_hash_table_remove
FNDA:3,ioopm_hash_table_remove
FN:197,ioopm_hash_table_size
FNDA:17,ioopm_hash_table_size
FN:214,ioopm_hash_table_is_empty
FNDA:4,ioopm_hash_table_is_empty
FN:228,ioopm_hash_table_clear
FNDA:28,ioopm_hash_table_clear
FN:248,ioopm_hash_table_keys
FNDA:13,ioopm_hash_table_keys
FN:266,ioopm_hash_table_values
FNDA:13,ioopm_hash_table_values
FN:285,ioopm_hash_table_any
FNDA:5,ioopm_hash_table_any
FN:304,ioopm_hash_table_all
FNDA:7,ioopm_hash_table_all
FN:329,ioopm_hash_table_has_key
FNDA:2,ioopm_hash_table_has_key
FN:331,ioopm_hash_table_has_value
FNDA:3,ioopm_hash_table_has_value
FN:333,hash_table_has_all_values
FNDA:7,hash_table_has_all_values
FN:335,ioopm_hash_table_apply_to_all
FNDA:2,ioopm_hash_table_apply_to_all
DA:27,1
DA:29,1
DA:30,1
DA:31,1
DA:34,21
DA:36,21
DA:37,21
DA:38,21
DA:40,19
DA:42,2
DA:46,68
DA:48,68
DA:49,68
DA:63,66
DA:66,69
DA:68,12
DA:70,9
DA:74,3
DA:77,57
DA:86,49
DA:88,49
DA:89,49
DA:90,49
DA:91,49
DA:92,49
DA:95,24
DA:98,24
DA:99,24
DA:100,24
DA:102,24
DA:104,24
DA:105,24
DA:106,24
DA:107,24
DA:110,52
DA:112,52
DA:113,52
DA:115,1
DA:118,51
DA:120,51
DA:123,51
DA:127,51
DA:130,2
DA:134,49
DA:140,12
DA:142,12
DA:143,12
DA:144,12
DA:145,12
DA:147,12
DA:149,5
DA:153,7
DA:177,3
DA:180,3
DA:181,3
DA:182,3
DA:183,3
DA:184,3
DA:185,3
DA:188,2
DA:189,2
DA:190,2
DA:191,2
DA:194,1
DA:197,17
DA:199,17
DA:200,306
DA:202,289
DA:203,289
DA:204,328
DA:206,39
DA:207,39
DA:208,39
DA:211,17
DA:214,4
DA:217,62
DA:219,60
DA:220,60
DA:222,2
DA:225,2
DA:228,28
DA:231,504
DA:233,476
DA:234,476
DA:235,523
DA:237,47
DA:238,47
DA:239,47
DA:241,476
DA:242,476
DA:246,28
DA:248,13
DA:252,13
DA:254,234
DA:256,221
DA:257,251
DA:259,30
DA:260,30
DA:263,13
DA:266,13
DA:268,13
DA:270,234
DA:273,221
DA:274,251
DA:276,30
DA:277,30
DA:282,13
DA:285,5
DA:287,5
DA:288,5
DA:289,5
DA:290,5
DA:292,3
DA:294,3
DA:295,3
DA:296,3
DA:299,2
DA:300,2
DA:301,2
DA:304,7
DA:306,7
DA:307,7
DA:308,7
DA:309,7
DA:311,2
DA:312,2
DA:313,2
DA:315,22
DA:317,19
DA:319,2
DA:320,2
DA:321,2
DA:324,3
DA:325,3
DA:326,3
DA:329,2
DA:330,2
DA:331,3
DA:332,3
DA:333,7
DA:334,7
DA:335,2
DA:337,36
DA:339,34
DA:340,34
DA:341,40
DA:343,6
DA:344,6
DA:345,2
end_of_record
TN:
SF:/home/alexandradahlberg/karin-alexandra.dahlberg.5793/inluppar/inlupp1/iteratortests.c
FN:7,init_suite
FNDA:1,init_suite
FN:14,clean_suite
FNDA:1,clean_suite
FN:21,itest_create_destroy
FNDA:1,itest_create_destroy
FN:31,itest_hasnexttrue
FNDA:1,itest_hasnexttrue
FN:44,itest_hasnextfalse
FNDA:1,itest_hasnextfalse
FN:55,itest_hasnextempty
FNDA:1,itest_hasnextempty
FN:65,itest_nextexists
FNDA:1,itest_nextexists
FN:79,itest_iteratorreset
FNDA:1,itest_iteratorreset
FN:96,itest_currentfirst
FNDA:1,itest_currentfirst
FN:111,itest_next_empty
FNDA:1,itest_next_empty
FN:121,main
FNDA:1,main
DA:7,1
DA:11,1
DA:14,1
DA:18,1
DA:21,1
DA:23,1
DA:24,1
DA:25,1
DA:26,1
DA:27,1
DA:29,1
DA:31,1
DA:33,1
DA:34,1
DA:35,1
DA:36,1
DA:37,1
DA:38,1
DA:39,1
DA:40,1
DA:41,1
DA:42,1
DA:44,1
DA:46,1
DA:47,1
DA:48,1
DA:49,1
DA:50,1
DA:51,1
DA:52,1
DA:53,1
DA:55,1
DA:57,1
DA:58,1
DA:59,1
DA:60,1
DA:61,1
DA:62,1
DA:63,1
DA:65,1
DA:67,1
DA:69,1
DA:70,1
DA:71,1
DA:72,1
DA:73,1
DA:74,1
DA:75,1
DA:76,1
DA:77,1
DA:79,1
DA:81,1
DA:82,1
DA:83,1
DA:84,1
DA:85,1
DA:86,1
DA:87,1
DA:88,1
DA:89,1
DA:90,1
DA:91,1
DA:92,1
DA:93,1
DA:94,1
DA:96,1
DA:98,1
DA:99,1
DA:100,1
DA:101,1
DA:102,1
DA:103,1
DA:104,1
DA:105,1
DA:106,1
DA:107,1
DA:108,1
DA:109,1
DA:110,1
DA:111,1
DA:113,1
DA:114,1
DA:115,1
DA:116,1
DA:117,1
DA:118,1
DA:119,1
DA:121,1
DA:124,1
DA:125,0
DA:129,1
DA:130,1
DA:133,0
DA:134,0
DA:142,1
DA:143,2
DA:144,2
DA:145,2
DA:146,2
DA:147,2
DA:148,2
DA:149,2
DA:150,1
DA:154,0
DA:155,0
DA:160,1
DA:163,1
DA:166,1
DA:167,1
end_of_record
TN:
SF:/home/alexandradahlberg/karin-alexandra.dahlberg.5793/inluppar/inlupp1/common.c
FN:5,elem_equality_func_int
FNDA:19,elem_equality_func_int
FN:17,elem_equality_func_str
FNDA:0,elem_equality_func_str
FN:29,elem_equality_func_unsig_int
FNDA:0,elem_equality_func_unsig_int
FN:41,elem_equality_func_bool
FNDA:0,elem_equality_func_bool
FN:53,elem_equality_func_float
FNDA:0,elem_equality_func_float
DA:5,19
DA:7,19
DA:9,16
DA:13,3
DA:17,0
DA:19,0
DA:21,0
DA:25,0
DA:29,0
DA:31,0
DA:33,0
DA:37,0
DA:41,0
DA:43,0
DA:45,0
DA:49,0
DA:53,0
DA:55,0
DA:57,0
DA:61,0
end_of_record
TN:
SF:/home/alexandradahlberg/karin-alexandra.dahlberg.5793/inluppar/inlupp1/linked_list.c
FN:26,value_equiv
FNDA:29,value_equiv
FN:32,ioopm_linked_list_create
FNDA:17,ioopm_linked_list_create
FN:38,ioopm_linked_list_destroy
FNDA:17,ioopm_linked_list_destroy
FN:43,create_link
FNDA:137,create_link
FN:50,addfirstlink
FNDA:15,addfirstlink
FN:57,ioopm_linked_list_append
FNDA:125,ioopm_linked_list_append
FN:71,ioopm_linked_list_prepend
FNDA:22,ioopm_linked_list_prepend
FN:85,ioopm_linked_list_insert
FNDA:5,ioopm_linked_list_insert
FN:107,ioopm_linked_list_remove
FNDA:5,ioopm_linked_list_remove
FN:141,ioopm_linked_list_get
FNDA:13,ioopm_linked_list_get
FN:154,ioopm_linked_list_contains
FNDA:4,ioopm_linked_list_contains
FN:170,ioopm_linked_list_size
FNDA:32,ioopm_linked_list_size
FN:174,ioopm_linked_list_is_empty
FNDA:25,ioopm_linked_list_is_empty
FN:185,ioopm_linked_list_clear
FNDA:19,ioopm_linked_list_clear
FN:201,hasallvalues
FNDA:5,hasallvalues
FN:206,has_any_value
FNDA:2,has_any_value
FN:210,ioopm_linked_list_all
FNDA:5,ioopm_linked_list_all
FN:225,ioopm_linked_list_any
FNDA:2,ioopm_linked_list_any
FN:236,ioopm_linked_list_apply_to_all
FNDA:1,ioopm_linked_list_apply_to_all
DA:26,29
DA:28,29
DA:29,29
DA:30,29
DA:32,17
DA:34,17
DA:35,17
DA:36,17
DA:38,17
DA:40,17
DA:41,17
DA:42,17
DA:43,137
DA:45,137
DA:46,137
DA:47,137
DA:48,137
DA:50,15
DA:52,15
DA:53,15
DA:54,15
DA:55,15
DA:56,15
DA:57,125
DA:59,125
DA:61,12
DA:65,113
DA:66,113
DA:67,113
DA:68,113
DA:70,125
DA:71,22
DA:73,22
DA:75,15
DA:79,7
DA:80,7
DA:81,7
DA:82,7
DA:84,22
DA:85,5
DA:87,5
DA:89,1
DA:91,4
DA:93,1
DA:94,1
DA:96,3
DA:98,1
DA:99,1
DA:101,2
DA:102,16
DA:103,2
DA:104,2
DA:105,2
DA:107,5
DA:109,5
DA:110,5
DA:112,1
DA:114,4
DA:117,1
DA:118,1
DA:119,1
DA:120,1
DA:121,1
DA:125,16
DA:127,13
DA:129,3
DA:130,3
DA:131,3
DA:132,3
DA:133,3
DA:134,3
DA:136,2
DA:138,3
DA:141,13
DA:143,13
DA:145,1
DA:147,12
DA:148,61
DA:150,49
DA:152,12
DA:154,4
DA:156,4
DA:157,22
DA:159,19
DA:161,1
DA:165,18
DA:168,3
DA:170,32
DA:172,32
DA:174,25
DA:176,25
DA:178,8
DA:182,17
DA:185,19
DA:187,19
DA:189,4
DA:191,15
DA:192,148
DA:194,133
DA:195,133
DA:196,133
DA:198,15
DA:201,5
DA:203,5
DA:206,2
DA:208,2
DA:210,5
DA:212,5
DA:213,5
DA:214,27
DA:216,24
DA:217,24
DA:218,2
DA:219,22
DA:221,3
DA:222,1
DA:223,2
DA:225,2
DA:227,2
DA:228,6
DA:230,5
DA:231,1
DA:232,4
DA:234,1
DA:236,1
DA:238,1
DA:239,12
DA:241,11
DA:242,11
DA:244,1
end_of_record
TN:
SF:/home/alexandradahlberg/karin-alexandra.dahlberg.5793/inluppar/inlupp1/iterator.c
FN:31,ioopm_list_iterator
FNDA:8,ioopm_list_iterator
FN:40,ioopm_iterator_has_next
FNDA:7,ioopm_iterator_has_next
FN:57,ioopm_iterator_next
FNDA:4,ioopm_iterator_next
FN:83,ioopm_iterator_reset
FNDA:1,ioopm_iterator_reset
FN:88,ioopm_iterator_current
FNDA:4,ioopm_iterator_current
FN:93,ioopm_iterator_destroy
FNDA:8,ioopm_iterator_destroy
DA:31,8
DA:33,8
DA:34,8
DA:35,8
DA:37,8
DA:40,7
DA:42,7
DA:44,2
DA:47,5
DA:49,1
DA:53,4
DA:57,4
DA:59,4
DA:61,1
DA:65,3
DA:66,3
DA:83,1
DA:85,1
DA:86,1
DA:88,4
DA:90,4
DA:93,8
DA:95,8
DA:96,8
end_of_record
TN:
SF:/home/alexandradahlberg/karin-alexandra.dahlberg.5793/inluppar/inlupp1/hash_table.c
FN:27,key_equiv
FNDA:0,key_equiv
FN:34,value_equiv
FNDA:0,value_equiv
FN:46,hash_map_func_int
FNDA:0,hash_map_func_int
FN:63,find_previous_entry_for_key
FNDA:0,find_previous_entry_for_key
FN:86,entry_create
FNDA:0,entry_create
FN:95,ioopm_hash_table_destroy
FNDA:0,ioopm_hash_table_destroy
FN:102,ioopm_hash_table_create
FNDA:0,ioopm_hash_table_create
FN:110,ioopm_hash_table_insert
FNDA:0,ioopm_hash_table_insert
FN:140,ioopm_hash_table_lookup
FNDA:0,ioopm_hash_table_lookup
FN:177,ioopm_hash_table_remove
FNDA:0,ioopm_hash_table_remove
FN:197,ioopm_hash_table_size
FNDA:0,ioopm_hash_table_size
FN:214,ioopm_hash_table_is_empty
FNDA:0,ioopm_hash_table_is_empty
FN:228,ioopm_hash_table_clear
FNDA:0,ioopm_hash_table_clear
FN:248,ioopm_hash_table_keys
FNDA:0,ioopm_hash_table_keys
FN:266,ioopm_hash_table_values
FNDA:0,ioopm_hash_table_values
FN:285,ioopm_hash_table_any
FNDA:0,ioopm_hash_table_any
FN:304,ioopm_hash_table_all
FNDA:0,ioopm_hash_table_all
FN:329,ioopm_hash_table_has_key
FNDA:0,ioopm_hash_table_has_key
FN:331,ioopm_hash_table_has_value
FNDA:0,ioopm_hash_table_has_value
FN:333,hash_table_has_all_values
FNDA:0,hash_table_has_all_values
FN:335,ioopm_hash_table_apply_to_all
FNDA:0,ioopm_hash_table_apply_to_all
DA:27,0
DA:29,0
DA:30,0
DA:31,0
DA:34,0
DA:36,0
DA:37,0
DA:38,0
DA:40,0
DA:42,0
DA:46,0
DA:48,0
DA:49,0
DA:63,0
DA:66,0
DA:68,0
DA:70,0
DA:74,0
DA:77,0
DA:86,0
DA:88,0
DA:89,0
DA:90,0
DA:91,0
DA:92,0
DA:95,0
DA:98,0
DA:99,0
DA:100,0
DA:102,0
DA:104,0
DA:105,0
DA:106,0
DA:107,0
DA:110,0
DA:112,0
DA:113,0
DA:115,0
DA:118,0
DA:120,0
DA:123,0
DA:127,0
DA:130,0
DA:134,0
DA:140,0
DA:142,0
DA:143,0
DA:144,0
DA:145,0
DA:147,0
DA:149,0
DA:153,0
DA:177,0
DA:180,0
DA:181,0
DA:182,0
DA:183,0
DA:184,0
DA:185,0
DA:188,0
DA:189,0
DA:190,0
DA:191,0
DA:194,0
DA:197,0
DA:199,0
DA:200,0
DA:202,0
DA:203,0
DA:204,0
DA:206,0
DA:207,0
DA:208,0
DA:211,0
DA:214,0
DA:217,0
DA:219,0
DA:220,0
DA:222,0
DA:225,0
DA:228,0
DA:231,0
DA:233,0
DA:234,0
DA:235,0
DA:237,0
DA:238,0
DA:239,0
DA:241,0
DA:242,0
DA:246,0
DA:248,0
DA:252,0
DA:254,0
DA:256,0
DA:257,0
DA:259,0
DA:260,0
DA:263,0
DA:266,0
DA:268,0
DA:270,0
DA:273,0
DA:274,0
DA:276,0
DA:277,0
DA:282,0
DA:285,0
DA:287,0
DA:288,0
DA:289,0
DA:290,0
DA:292,0
DA:294,0
DA:295,0
DA:296,0
DA:299,0
DA:300,0
DA:301,0
DA:304,0
DA:306,0
DA:307,0
DA:308,0
DA:309,0
DA:311,0
DA:312,0
DA:313,0
DA:315,0
DA:317,0
DA:319,0
DA:320,0
DA:321,0
DA:324,0
DA:325,0
DA:326,0
DA:329,0
DA:330,0
DA:331,0
DA:332,0
DA:333,0
DA:334,0
DA:335,0
DA:337,0
DA:339,0
DA:340,0
DA:341,0
DA:343,0
DA:344,0
DA:345,0
end_of_record
TN:
SF:/home/alexandradahlberg/karin-alexandra.dahlberg.5793/inluppar/inlupp1/hashtests.c
FN:6,init_suite
FNDA:1,init_suite
FN:13,clean_suite
FNDA:1,clean_suite
FN:23,httest_create_destroy
FNDA:1,httest_create_destroy
FN:30,httest_insert_freshkey
FNDA:1,httest_insert_freshkey
FN:45,httest_insert_alreadythere
FNDA:1,httest_insert_alreadythere
FN:58,httest_insert_invalidkey
FNDA:1,httest_insert_invalidkey
FN:76,httest_lookup_empty
FNDA:1,httest_lookup_empty
FN:86,httest_remove_entry
FNDA:1,httest_remove_entry
FN:99,httest_falseremove_entry
FNDA:1,httest_falseremove_entry
FN:114,httest_ht_size
FNDA:1,httest_ht_size
FN:143,httest_is_ht_empty
FNDA:1,httest_is_ht_empty
FN:160,httest_clear_ht
FNDA:1,httest_clear_ht
FN:172,httest_get_all_keys
FNDA:1,httest_get_all_keys
FN:208,httest_get_all_values
FNDA:1,httest_get_all_values
FN:243,httest_has_key
FNDA:1,httest_has_key
FN:254,httest_has_value
FNDA:1,httest_has_value
FN:269,httest_all_values
FNDA:1,httest_all_values
FN:286,httest_allentriesisissamevalue
FNDA:1,httest_allentriesisissamevalue
FN:304,httest_allentriesfalse
FNDA:1,httest_allentriesfalse
FN:322,httest_allentriesempty
FNDA:1,httest_allentriesempty
FN:331,htchangeallvaluestoarg
FNDA:6,htchangeallvaluestoarg
FN:337,httest_applytoall
FNDA:1,httest_applytoall
FN:355,httest_falseapplytoall
FNDA:1,httest_falseapplytoall
FN:376,httest_lookup_samebucket
FNDA:1,httest_lookup_samebucket
FN:387,main
FNDA:1,main
DA:6,1
DA:10,1
DA:13,1
DA:17,1
DA:23,1
DA:25,1
DA:26,1
DA:27,1
DA:28,1
DA:30,1
DA:32,1
DA:33,1
DA:35,1
DA:36,1
DA:37,1
DA:38,1
DA:39,1
DA:40,1
DA:42,1
DA:43,1
DA:45,1
DA:47,1
DA:48,1
DA:49,1
DA:50,1
DA:51,1
DA:52,1
DA:53,1
DA:54,1
DA:55,1
DA:56,1
DA:58,1
DA:60,1
DA:61,1
DA:62,1
DA:63,1
DA:64,1
DA:65,1
DA:67,1
DA:76,1
DA:78,1
DA:79,1
DA:80,1
DA:81,1
DA:82,1
DA:83,1
DA:84,1
DA:86,1
DA:88,1
DA:89,1
DA:90,1
DA:91,1
DA:92,1
DA:93,1
DA:94,1
DA:95,1
DA:96,1
DA:97,1
DA:99,1
DA:101,1
DA:102,1
DA:103,1
DA:104,1
DA:105,1
DA:106,1
DA:107,1
DA:108,1
DA:109,1
DA:110,1
DA:111,1
DA:112,1
DA:114,1
DA:117,1
DA:118,1
DA:119,1
DA:120,1
DA:122,1
DA:123,1
DA:124,1
DA:125,1
DA:126,1
DA:127,1
DA:128,1
DA:130,1
DA:131,1
DA:132,1
DA:133,1
DA:134,1
DA:135,1
DA:136,1
DA:137,1
DA:138,1
DA:139,1
DA:140,1
DA:141,1
DA:143,1
DA:145,1
DA:146,1
DA:147,1
DA:149,1
DA:150,1
DA:151,1
DA:152,1
DA:153,1
DA:154,1
DA:155,1
DA:156,1
DA:157,1
DA:158,1
DA:160,1
DA:162,1
DA:163,1
DA:164,1
DA:165,1
DA:166,1
DA:167,1
DA:168,1
DA:169,1
DA:170,1
DA:172,1
DA:174,1
DA:175,1
DA:176,1
DA:177,1
DA:178,6
DA:180,5
DA:182,1
DA:183,1
DA:184,6
DA:186,30
DA:188,25
DA:190,5
DA:193,5
DA:196,0
DA:200,6
DA:202,5
DA:204,1
DA:205,1
DA:206,1
DA:208,1
DA:210,1
DA:211,1
DA:212,1
DA:213,1
DA:214,6
DA:216,5
DA:218,1
DA:219,1
DA:220,6
DA:222,30
DA:224,25
DA:226,5
DA:229,5
DA:231,0
DA:235,6
DA:237,5
DA:239,1
DA:240,1
DA:241,1
DA:243,1
DA:245,1
DA:246,1
DA:247,1
DA:248,1
DA:249,1
DA:250,1
DA:251,1
DA:252,1
DA:253,1
DA:254,1
DA:256,1
DA:257,1
DA:258,1
DA:259,1
DA:260,1
DA:261,1
DA:262,1
DA:263,1
DA:264,1
DA:265,1
DA:266,1
DA:267,1
DA:269,1
DA:271,1
DA:272,1
DA:273,11
DA:275,10
DA:277,1
DA:278,1
DA:279,1
DA:280,1
DA:281,1
DA:286,1
DA:288,1
DA:289,1
DA:290,1
DA:291,1
DA:292,1
DA:293,1
DA:294,1
DA:295,1
DA:296,1
DA:297,1
DA:298,1
DA:299,1
DA:300,1
DA:301,1
DA:302,1
DA:304,1
DA:306,1
DA:307,1
DA:308,1
DA:309,1
DA:310,1
DA:311,1
DA:312,1
DA:313,1
DA:314,1
DA:315,1
DA:316,1
DA:317,1
DA:318,1
DA:319,1
DA:320,1
DA:322,1
DA:324,1
DA:325,1
DA:326,1
DA:327,1
DA:328,1
DA:329,1
DA:331,6
DA:334,6
DA:335,6
DA:337,1
DA:339,1
DA:340,1
DA:341,1
DA:342,1
DA:343,1
DA:344,1
DA:345,1
DA:346,1
DA:347,1
DA:348,1
DA:349,1
DA:350,1
DA:351,1
DA:352,1
DA:353,1
DA:355,1
DA:357,1
DA:358,1
DA:359,1
DA:360,1
DA:361,1
DA:362,1
DA:363,1
DA:364,1
DA:365,1
DA:366,1
DA:367,1
DA:368,1
DA:369,1
DA:370,1
DA:371,1
DA:372,1
DA:373,1
DA:374,1
DA:376,1
DA:378,1
DA:379,1
DA:380,1
DA:381,1
DA:382,1
DA:383,1
DA:384,1
DA:387,1
DA:390,1
DA:391,0
DA:395,1
DA:396,1
DA:399,0
DA:400,0
DA:408,1
DA:409,2
DA:410,2
DA:411,2
DA:412,2
DA:413,2
DA:414,2
DA:415,2
DA:416,2
DA:417,2
DA:418,2
DA:419,2
DA:420,2
DA:421,2
DA:422,2
DA:423,2
DA:424,2
DA:425,2
DA:426,2
DA:427,2
DA:428,2
DA:429,1
DA:433,0
DA:434,0
DA:439,1
DA:442,1
DA:445,1
DA:446,1
end_of_record
TN:
SF:/home/alexandradahlberg/karin-alexandra.dahlberg.5793/inluppar/inlupp1/iterator.c
FN:31,ioopm_list_iterator
FNDA:0,ioopm_list_iterator
FN:40,ioopm_iterator_has_next
FNDA:0,ioopm_iterator_has_next
FN:57,ioopm_iterator_next
FNDA:0,ioopm_iterator_next
FN:83,ioopm_iterator_reset
FNDA:0,ioopm_iterator_reset
FN:88,ioopm_iterator_current
FNDA:0,ioopm_iterator_current
FN:93,ioopm_iterator_destroy
FNDA:0,ioopm_iterator_destroy
DA:31,0
DA:33,0
DA:34,0
DA:35,0
DA:37,0
DA:40,0
DA:42,0
DA:44,0
DA:47,0
DA:49,0
DA:53,0
DA:57,0
DA:59,0
DA:61,0
DA:65,0
DA:66,0
DA:83,0
DA:85,0
DA:86,0
DA:88,0
DA:90,0
DA:93,0
DA:95,0
DA:96,0
end_of_record
TN:
SF:/home/alexandradahlberg/karin-alexandra.dahlberg.5793/inluppar/inlupp1/linkedtests.c
FN:8,init_suite
FNDA:1,init_suite
FN:15,clean_suite
FNDA:1,clean_suite
FN:24,lltest_create_destroy
FNDA:1,lltest_create_destroy
FN:31,lltest_append
FNDA:1,lltest_append
FN:43,lltest_prepend
FNDA:1,lltest_prepend
FN:53,lltest_insert
FNDA:1,lltest_insert
FN:73,lltest_remove
FNDA:1,lltest_remove
FN:96,lltest_get
FNDA:1,lltest_get
FN:112,lltest_contain
FNDA:1,lltest_contain
FN:125,lltest_size_of_list
FNDA:1,lltest_size_of_list
FN:139,lltest_is_empty
FNDA:1,lltest_is_empty
FN:153,lltest_clear
FNDA:1,lltest_clear
FN:170,lltest_all
FNDA:1,lltest_all
FN:194,lltest_any
FNDA:1,lltest_any
FN:209,llchangeallvaluestoarg
FNDA:11,llchangeallvaluestoarg
FN:214,lltest_apply_to_all
FNDA:1,lltest_apply_to_all
FN:230,lltest_insertappend
FNDA:1,lltest_insertappend
FN:241,lltest_insert_invalid
FNDA:1,lltest_insert_invalid
FN:250,lltest_remove_invalid
FNDA:1,lltest_remove_invalid
FN:262,lltest_getinvalid
FNDA:1,lltest_getinvalid
FN:270,main
FNDA:1,main
DA:8,1
DA:12,1
DA:15,1
DA:19,1
DA:24,1
DA:26,1
DA:27,1
DA:28,1
DA:29,1
DA:31,1
DA:33,1
DA:34,1
DA:35,1
DA:36,1
DA:37,1
DA:38,1
DA:39,1
DA:40,1
DA:41,1
DA:43,1
DA:45,1
DA:46,1
DA:47,1
DA:48,1
DA:49,1
DA:50,1
DA:51,1
DA:53,1
DA:55,1
DA:56,12
DA:58,11
DA:61,1
DA:62,1
DA:63,1
DA:65,1
DA:66,1
DA:68,1
DA:69,1
DA:70,1
DA:71,1
DA:73,1
DA:75,1
DA:76,12
DA:78,11
DA:80,1
DA:81,1
DA:82,1
DA:84,1
DA:85,1
DA:86,1
DA:87,1
DA:88,1
DA:90,1
DA:91,1
DA:92,1
DA:93,1
DA:94,1
DA:96,1
DA:98,1
DA:99,12
DA:101,11
DA:103,1
DA:105,1
DA:106,1
DA:108,1
DA:109,1
DA:110,1
DA:112,1
DA:114,1
DA:115,1
DA:116,12
DA:118,11
DA:120,1
DA:121,1
DA:122,1
DA:123,1
DA:125,1
DA:127,1
DA:128,1
DA:129,1
DA:130,12
DA:132,11
DA:134,1
DA:135,1
DA:136,1
DA:137,1
DA:139,1
DA:141,1
DA:142,1
DA:143,1
DA:144,12
DA:146,11
DA:148,1
DA:149,1
DA:150,1
DA:151,1
DA:153,1
DA:155,1
DA:156,1
DA:157,1
DA:158,12
DA:160,11
DA:162,1
DA:163,1
DA:164,1
DA:165,1
DA:166,1
DA:167,1
DA:168,1
DA:170,1
DA:172,1
DA:173,1
DA:174,1
DA:175,1
DA:176,12
DA:178,11
DA:180,1
DA:181,1
DA:182,1
DA:183,1
DA:184,12
DA:186,11
DA:188,1
DA:189,1
DA:190,1
DA:192,1
DA:194,1
DA:196,1
DA:197,1
DA:198,1
DA:199,1
DA:200,1
DA:201,1
DA:202,1
DA:203,1
DA:204,1
DA:205,1
DA:206,1
DA:207,1
DA:209,11
DA:211,11
DA:212,11
DA:214,1
DA:216,1
DA:217,1
DA:218,12
DA:220,11
DA:222,1
DA:223,1
DA:224,1
DA:225,1
DA:226,1
DA:227,1
DA:228,1
DA:230,1
DA:232,1
DA:233,1
DA:234,1
DA:235,1
DA:236,1
DA:237,1
DA:238,1
DA:239,1
DA:241,1
DA:243,1
DA:244,1
DA:245,1
DA:246,1
DA:247,1
DA:248,1
DA:250,1
DA:252,1
DA:253,12
DA:255,11
DA:257,1
DA:258,1
DA:259,1
DA:260,1
DA:262,1
DA:264,1
DA:265,1
DA:266,1
DA:267,1
DA:268,1
DA:270,1
DA:273,1
DA:274,0
DA:278,1
DA:279,1
DA:282,0
DA:283,0
DA:291,1
DA:292,2
DA:293,2
DA:294,2
DA:295,2
DA:296,2
DA:297,2
DA:298,2
DA:299,2
DA:300,2
DA:301,2
DA:302,2
DA:303,2
DA:304,2
DA:305,2
DA:306,2
DA:307,2
DA:308,1
DA:312,0
DA:313,0
DA:318,1
DA:321,1
DA:324,1
DA:325,1
end_of_record
TN:
SF:/home/alexandradahlberg/karin-alexandra.dahlberg.5793/inluppar/inlupp1/linked_list.c
FN:26,value_equiv
FNDA:0,value_equiv
FN:32,ioopm_linked_list_create
FNDA:8,ioopm_linked_list_create
FN:38,ioopm_linked_list_destroy
FNDA:8,ioopm_linked_list_destroy
FN:43,create_link
FNDA:13,create_link
FN:50,addfirstlink
FNDA:5,addfirstlink
FN:57,ioopm_linked_list_append
FNDA:0,ioopm_linked_list_append
FN:71,ioopm_linked_list_prepend
FNDA:13,ioopm_linked_list_prepend
FN:85,ioopm_linked_list_insert
FNDA:0,ioopm_linked_list_insert
FN:110,ioopm_linked_list_remove
FNDA:0,ioopm_linked_list_remove
FN:144,ioopm_linked_list_get
FNDA:0,ioopm_linked_list_get
FN:157,ioopm_linked_list_contains
FNDA:0,ioopm_linked_list_contains
FN:173,ioopm_linked_list_size
FNDA:8,ioopm_linked_list_size
FN:177,ioopm_linked_list_is_empty
FNDA:8,ioopm_linked_list_is_empty
FN:188,ioopm_linked_list_clear
FNDA:8,ioopm_linked_list_clear
FN:204,hasallvalues
FNDA:0,hasallvalues
FN:209,has_any_value
FNDA:0,has_any_value
FN:213,ioopm_linked_list_all
FNDA:0,ioopm_linked_list_all
FN:228,ioopm_linked_list_any
FNDA:0,ioopm_linked_list_any
FN:239,ioopm_linked_list_apply_to_all
FNDA:0,ioopm_linked_list_apply_to_all
DA:26,0
DA:28,0
DA:29,0
DA:30,0
DA:32,8
DA:34,8
DA:35,8
DA:36,8
DA:38,8
DA:40,8
DA:41,8
DA:42,8
DA:43,13
DA:45,13
DA:46,13
DA:47,13
DA:48,13
DA:50,5
DA:52,5
DA:53,5
DA:54,5
DA:55,5
DA:56,5
DA:57,0
DA:59,0
DA:61,0
DA:65,0
DA:66,0
DA:67,0
DA:68,0
DA:70,0
DA:71,13
DA:73,13
DA:75,5
DA:79,8
DA:80,8
DA:81,8
DA:82,8
DA:84,13
DA:85,0
DA:87,0
DA:89,0
DA:91,0
DA:93,0
DA:94,0
DA:96,0
DA:98,0
DA:99,0
DA:101,0
DA:102,0
DA:104,0
DA:106,0
DA:107,0
DA:108,0
DA:110,0
DA:112,0
DA:113,0
DA:115,0
DA:117,0
DA:120,0
DA:121,0
DA:122,0
DA:123,0
DA:124,0
DA:128,0
DA:130,0
DA:132,0
DA:133,0
DA:134,0
DA:135,0
DA:136,0
DA:137,0
DA:139,0
DA:141,0
DA:144,0
DA:146,0
DA:148,0
DA:150,0
DA:151,0
DA:153,0
DA:155,0
DA:157,0
DA:159,0
DA:160,0
DA:162,0
DA:164,0
DA:168,0
DA:171,0
DA:173,8
DA:175,8
DA:177,8
DA:179,8
DA:181,3
DA:185,5
DA:188,8
DA:190,8
DA:192,3
DA:194,5
DA:195,18
DA:197,13
DA:198,13
DA:199,13
DA:201,5
DA:204,0
DA:206,0
DA:209,0
DA:211,0
DA:213,0
DA:215,0
DA:216,0
DA:217,0
DA:219,0
DA:220,0
DA:221,0
DA:222,0
DA:224,0
DA:225,0
DA:226,0
DA:228,0
DA:230,0
DA:231,0
DA:233,0
DA:234,0
DA:235,0
DA:237,0
DA:239,0
DA:241,0
DA:242,0
DA:244,0
DA:245,0
DA:247,0
end_of_record
TN:
SF:/home/alexandradahlberg/karin-alexandra.dahlberg.5793/inluppar/inlupp1/common.c
FN:5,elem_equality_func_int
FNDA:19,elem_equality_func_int
FN:17,elem_equality_func_str
FNDA:0,elem_equality_func_str
FN:29,elem_equality_func_unsig_int
FNDA:0,elem_equality_func_unsig_int
FN:41,elem_equality_func_bool
FNDA:0,elem_equality_func_bool
FN:53,elem_equality_func_float
FNDA:0,elem_equality_func_float
DA:5,19
DA:7,19
DA:9,1
DA:13,18
DA:17,0
DA:19,0
DA:21,0
DA:25,0
DA:29,0
DA:31,0
DA:33,0
DA:37,0
DA:41,0
DA:43,0
DA:45,0
DA:49,0
DA:53,0
DA:55,0
DA:57,0
DA:61,0
end_of_record
TN:
SF:/home/alexandradahlberg/karin-alexandra.dahlberg.5793/inluppar/inlupp1/hash_table.c
FN:27,key_equiv
FNDA:0,key_equiv
FN:34,value_equiv
FNDA:0,value_equiv
FN:46,hash_map_func_int
FNDA:0,hash_map_func_int
FN:63,find_previous_entry_for_key
FNDA:0,find_previous_entry_for_key
FN:86,entry_create
FNDA:0,entry_create
FN:95,ioopm_hash_table_destroy
FNDA:0,ioopm_hash_table_destroy
FN:102,ioopm_hash_table_create
FNDA:0,ioopm_hash_table_create
FN:110,ioopm_hash_table_insert
FNDA:0,ioopm_hash_table_insert
FN:140,ioopm_hash_table_lookup
FNDA:0,ioopm_hash_table_lookup
FN:177,ioopm_hash_table_remove
FNDA:0,ioopm_hash_table_remove
FN:197,ioopm_hash_table_size
FNDA:0,ioopm_hash_table_size
FN:214,ioopm_hash_table_is_empty
FNDA:0,ioopm_hash_table_is_empty
FN:228,ioopm_hash_table_clear
FNDA:0,ioopm_hash_table_clear
FN:248,ioopm_hash_table_keys
FNDA:0,ioopm_hash_table_keys
FN:266,ioopm_hash_table_values
FNDA:0,ioopm_hash_table_values
FN:285,ioopm_hash_table_any
FNDA:0,ioopm_hash_table_any
FN:304,ioopm_hash_table_all
FNDA:0,ioopm_hash_table_all
FN:329,ioopm_hash_table_has_key
FNDA:0,ioopm_hash_table_has_key
FN:331,ioopm_hash_table_has_value
FNDA:0,ioopm_hash_table_has_value
FN:333,hash_table_has_all_values
FNDA:0,hash_table_has_all_values
FN:335,ioopm_hash_table_apply_to_all
FNDA:0,ioopm_hash_table_apply_to_all
DA:27,0
DA:29,0
DA:30,0
DA:31,0
DA:34,0
DA:36,0
DA:37,0
DA:38,0
DA:40,0
DA:42,0
DA:46,0
DA:48,0
DA:49,0
DA:63,0
DA:66,0
DA:68,0
DA:70,0
DA:74,0
DA:77,0
DA:86,0
DA:88,0
DA:89,0
DA:90,0
DA:91,0
DA:92,0
DA:95,0
DA:98,0
DA:99,0
DA:100,0
DA:102,0
DA:104,0
DA:105,0
DA:106,0
DA:107,0
DA:110,0
DA:112,0
DA:113,0
DA:115,0
DA:118,0
DA:120,0
DA:123,0
DA:127,0
DA:130,0
DA:134,0
DA:140,0
DA:142,0
DA:143,0
DA:144,0
DA:145,0
DA:147,0
DA:149,0
DA:153,0
DA:177,0
DA:180,0
DA:181,0
DA:182,0
DA:183,0
DA:184,0
DA:185,0
DA:188,0
DA:189,0
DA:190,0
DA:191,0
DA:194,0
DA:197,0
DA:199,0
DA:200,0
DA:202,0
DA:203,0
DA:204,0
DA:206,0
DA:207,0
DA:208,0
DA:211,0
DA:214,0
DA:217,0
DA:219,0
DA:220,0
DA:222,0
DA:225,0
DA:228,0
DA:231,0
DA:233,0
DA:234,0
DA:235,0
DA:237,0
DA:238,0
DA:239,0
DA:241,0
DA:242,0
DA:246,0
DA:248,0
DA:252,0
DA:254,0
DA:256,0
DA:257,0
DA:259,0
DA:260,0
DA:263,0
DA:266,0
DA:268,0
DA:270,0
DA:273,0
DA:274,0
DA:276,0
DA:277,0
DA:282,0
DA:285,0
DA:287,0
DA:288,0
DA:289,0
DA:290,0
DA:292,0
DA:294,0
DA:295,0
DA:296,0
DA:299,0
DA:300,0
DA:301,0
DA:304,0
DA:306,0
DA:307,0
DA:308,0
DA:309,0
DA:311,0
DA:312,0
DA:313,0
DA:315,0
DA:317,0
DA:319,0
DA:320,0
DA:321,0
DA:324,0
DA:325,0
DA:326,0
DA:329,0
DA:330,0
DA:331,0
DA:332,0
DA:333,0
DA:334,0
DA:335,0
DA:337,0
DA:339,0
DA:340,0
DA:341,0
DA:343,0
DA:344,0
DA:345,0
end_of_record
