TN:
SF:/home/alexandradahlberg/karin-alexandra.dahlberg.5793/inluppar/inlupp2/utils.c
FN:7,not_empty
FNDA:0,not_empty
FN:12,clear_buffer
FNDA:0,clear_buffer
FN:18,clear_input_buffer
FNDA:0,clear_input_buffer
FN:25,is_number
FNDA:0,is_number
FN:36,read_string
FNDA:0,read_string
FN:53,ask_question
FNDA:0,ask_question
FN:62,ask_question_string
FNDA:0,ask_question_string
FN:67,ask_question_int
FNDA:0,ask_question_int
FN:73,get_char
FNDA:0,get_char
FN:77,ask_question_char
FNDA:0,ask_question_char
FN:84,is_menu_answer
FNDA:0,is_menu_answer
FN:104,ask_question_menu
FNDA:0,ask_question_menu
FN:109,is_shelf
FNDA:6,is_shelf
DA:7,0
DA:9,0
DA:12,0
DA:13,0
DA:14,0
DA:16,0
DA:18,0
DA:21,0
DA:22,0
DA:23,0
DA:25,0
DA:26,0
DA:27,0
DA:28,0
DA:29,0
DA:30,0
DA:33,0
DA:36,0
DA:41,0
DA:42,0
DA:43,0
DA:44,0
DA:45,0
DA:46,0
DA:48,0
DA:49,0
DA:50,0
DA:53,0
DA:54,0
DA:56,0
DA:57,0
DA:58,0
DA:59,0
DA:62,0
DA:64,0
DA:67,0
DA:69,0
DA:70,0
DA:73,0
DA:74,0
DA:77,0
DA:79,0
DA:84,0
DA:87,0
DA:89,0
DA:93,0
DA:94,0
DA:96,0
DA:98,0
DA:101,0
DA:104,0
DA:106,0
DA:109,6
DA:111,6
DA:113,18
DA:115,12
DA:117,0
DA:120,6
DA:123,0
end_of_record
TN:
SF:/home/alexandradahlberg/karin-alexandra.dahlberg.5793/inluppar/inlupp2/common.c
FN:5,elem_equality_func_int
FNDA:27,elem_equality_func_int
FN:10,elem_equality_func_str
FNDA:0,elem_equality_func_str
FN:22,elem_equality_func_unsig_int
FNDA:0,elem_equality_func_unsig_int
FN:34,elem_equality_func_bool
FNDA:0,elem_equality_func_bool
FN:46,elem_equality_func_float
FNDA:0,elem_equality_func_float
DA:5,27
DA:7,27
DA:10,0
DA:12,0
DA:14,0
DA:18,0
DA:22,0
DA:24,0
DA:26,0
DA:30,0
DA:34,0
DA:36,0
DA:38,0
DA:42,0
DA:46,0
DA:48,0
DA:50,0
DA:54,0
end_of_record
TN:
SF:/home/alexandradahlberg/karin-alexandra.dahlberg.5793/inluppar/inlupp2/linked_list.c
FN:26,value_equiv
FNDA:0,value_equiv
FN:32,ioopm_linked_list_create
FNDA:17,ioopm_linked_list_create
FN:39,ioopm_linked_list_destroy
FNDA:17,ioopm_linked_list_destroy
FN:45,create_link
FNDA:8,create_link
FN:53,addfirstlink
FNDA:7,addfirstlink
FN:61,ioopm_linked_list_append
FNDA:8,ioopm_linked_list_append
FN:76,ioopm_linked_list_prepend
FNDA:7,ioopm_linked_list_prepend
FN:91,ioopm_linked_list_insert
FNDA:0,ioopm_linked_list_insert
FN:114,ioopm_linked_list_remove_checkout
FNDA:0,ioopm_linked_list_remove_checkout
FN:151,ioopm_linked_list_remove
FNDA:0,ioopm_linked_list_remove
FN:186,ioopm_linked_list_get
FNDA:1,ioopm_linked_list_get
FN:200,ioopm_linked_list_contains
FNDA:0,ioopm_linked_list_contains
FN:217,ioopm_linked_list_size
FNDA:27,ioopm_linked_list_size
FN:222,ioopm_linked_list_is_empty
FNDA:17,ioopm_linked_list_is_empty
FN:234,ioopm_linked_list_clear
FNDA:17,ioopm_linked_list_clear
FN:250,hasallvalues
FNDA:0,hasallvalues
FN:255,has_any_value
FNDA:0,has_any_value
FN:260,ioopm_linked_list_all
FNDA:0,ioopm_linked_list_all
FN:276,ioopm_linked_list_any
FNDA:0,ioopm_linked_list_any
FN:288,ioopm_linked_list_apply_to_all
FNDA:11,ioopm_linked_list_apply_to_all
DA:26,0
DA:28,0
DA:29,0
DA:30,0
DA:32,17
DA:34,17
DA:35,17
DA:36,17
DA:39,17
DA:41,17
DA:42,17
DA:43,17
DA:45,8
DA:47,8
DA:48,8
DA:49,8
DA:50,8
DA:53,7
DA:55,7
DA:56,7
DA:57,7
DA:58,7
DA:59,7
DA:61,8
DA:63,8
DA:65,7
DA:69,1
DA:70,1
DA:71,1
DA:72,1
DA:74,8
DA:76,7
DA:78,7
DA:80,7
DA:84,0
DA:85,0
DA:86,0
DA:87,0
DA:89,7
DA:91,0
DA:93,0
DA:95,0
DA:97,0
DA:99,0
DA:100,0
DA:102,0
DA:104,0
DA:105,0
DA:107,0
DA:108,0
DA:109,0
DA:110,0
DA:111,0
DA:114,0
DA:116,0
DA:117,0
DA:119,0
DA:121,0
DA:125,0
DA:126,0
DA:127,0
DA:128,0
DA:129,0
DA:133,0
DA:135,0
DA:138,0
DA:139,0
DA:141,0
DA:142,0
DA:143,0
DA:145,0
DA:147,0
DA:151,0
DA:153,0
DA:154,0
DA:156,0
DA:158,0
DA:161,0
DA:162,0
DA:163,0
DA:164,0
DA:165,0
DA:169,0
DA:171,0
DA:173,0
DA:174,0
DA:175,0
DA:176,0
DA:177,0
DA:178,0
DA:180,0
DA:182,0
DA:186,1
DA:188,1
DA:190,0
DA:192,1
DA:193,1
DA:195,0
DA:197,1
DA:200,0
DA:202,0
DA:203,0
DA:205,0
DA:207,0
DA:211,0
DA:214,0
DA:217,27
DA:219,27
DA:222,17
DA:224,17
DA:226,10
DA:230,7
DA:234,17
DA:236,17
DA:238,10
DA:240,7
DA:241,15
DA:243,8
DA:244,8
DA:245,8
DA:247,7
DA:250,0
DA:252,0
DA:255,0
DA:257,0
DA:260,0
DA:262,0
DA:263,0
DA:264,0
DA:266,0
DA:267,0
DA:268,0
DA:269,0
DA:271,0
DA:272,0
DA:273,0
DA:276,0
DA:278,0
DA:279,0
DA:281,0
DA:282,0
DA:283,0
DA:285,0
DA:288,11
DA:290,11
DA:291,17
DA:293,6
DA:294,6
DA:296,11
end_of_record
TN:
SF:/home/alexandradahlberg/karin-alexandra.dahlberg.5793/inluppar/inlupp2/backend.c
FN:56,string_sum_hash
FNDA:102,string_sum_hash
FN:77,string_eq
FNDA:96,string_eq
FN:83,int_hash
FNDA:17,int_hash
FN:87,ioopm_db_create
FNDA:11,ioopm_db_create
FN:97,create_merch
FNDA:13,create_merch
FN:111,free_cart_merch
FNDA:3,free_cart_merch
FN:121,destroy_shelf
FNDA:6,destroy_shelf
FN:127,destroylocslist
FNDA:6,destroylocslist
FN:132,destroy_merch
FNDA:11,destroy_merch
FN:142,destroyhtnamemerch
FNDA:11,destroyhtnamemerch
FN:147,free_all_cart_merch
FNDA:0,free_all_cart_merch
FN:153,destroy_cart
FNDA:2,destroy_cart
FN:169,destroy_smaller_cartht
FNDA:2,destroy_smaller_cartht
FN:174,free_name_shelftoname
FNDA:6,free_name_shelftoname
FN:179,ioopm_db_destroy
FNDA:11,ioopm_db_destroy
FN:190,ioopm_add_merchandise
FNDA:13,ioopm_add_merchandise
FN:207,destroyingmerch
FNDA:2,destroyingmerch
FN:233,remove_smallhtc_edit
FNDA:0,remove_smallhtc_edit
FN:239,remove_smallhtc
FNDA:0,remove_smallhtc
FN:249,remove_bightc_edit
FNDA:0,remove_bightc_edit
FN:254,remove_bightc
FNDA:0,remove_bightc
FN:260,ioopm_remove_merchandise
FNDA:2,ioopm_remove_merchandise
FN:310,cmpstringp
FNDA:0,cmpstringp
FN:315,sort_keys
FNDA:0,sort_keys
FN:320,makelisttype
FNDA:0,makelisttype
FN:328,ioopm_get_merchandise
FNDA:0,ioopm_get_merchandise
FN:351,change_name_shelfht
FNDA:0,change_name_shelfht
FN:361,change_name_cartht
FNDA:0,change_name_cartht
FN:381,ioopm_edit_merchandise_name
FNDA:1,ioopm_edit_merchandise_name
FN:413,ioopm_edit_merchandise_description
FNDA:1,ioopm_edit_merchandise_description
FN:429,ioopm_edit_merchandise_price
FNDA:1,ioopm_edit_merchandise_price
FN:446,ioopm_show_stock
FNDA:6,ioopm_show_stock
FN:492,create_shelf
FNDA:6,create_shelf
FN:501,ioopm_replenish_stock
FNDA:6,ioopm_replenish_stock
FN:559,ioopm_cart_create
FNDA:3,ioopm_cart_create
FN:570,ioopm_cart_remove
FNDA:1,ioopm_cart_remove
FN:590,totalstockofmerch
FNDA:5,totalstockofmerch
FN:608,totalcartorderofmerch
FNDA:2,totalcartorderofmerch
FN:618,allcartorders
FNDA:5,allcartorders
FN:624,totalordersofmerch
FNDA:5,totalordersofmerch
FN:639,ioopm_add_to_cart
FNDA:5,ioopm_add_to_cart
FN:665,ioopm_remove_from_cart
FNDA:3,ioopm_remove_from_cart
FN:700,calc_costofmerch
FNDA:2,calc_costofmerch
FN:715,ioopm_calculate_cost
FNDA:1,ioopm_calculate_cost
FN:744,removestock
FNDA:0,removestock
FN:792,ioopm_checkout
FNDA:0,ioopm_checkout
FN:824,ioopm_get_merch_info
FNDA:0,ioopm_get_merch_info
DA:56,102
DA:59,102
DA:60,102
DA:64,516
DA:66,0
DA:70,516
DA:72,516
DA:74,102
DA:77,96
DA:80,96
DA:83,17
DA:84,17
DA:87,11
DA:89,11
DA:90,11
DA:91,11
DA:92,11
DA:93,11
DA:94,11
DA:97,13
DA:99,13
DA:100,13
DA:101,13
DA:102,13
DA:104,13
DA:105,13
DA:107,13
DA:111,3
DA:113,3
DA:114,3
DA:115,3
DA:117,2
DA:119,3
DA:121,6
DA:123,6
DA:124,6
DA:125,6
DA:127,6
DA:129,6
DA:130,6
DA:132,11
DA:134,11
DA:135,11
DA:137,11
DA:138,11
DA:139,11
DA:140,11
DA:142,11
DA:144,11
DA:145,11
DA:147,0
DA:149,0
DA:150,0
DA:153,2
DA:155,2
DA:156,2
DA:157,2
DA:158,2
DA:159,4
DA:161,2
DA:162,2
DA:163,2
DA:165,2
DA:166,2
DA:167,2
DA:169,2
DA:171,2
DA:172,2
DA:174,6
DA:176,6
DA:177,6
DA:179,11
DA:181,11
DA:182,11
DA:183,11
DA:184,11
DA:185,11
DA:186,11
DA:187,11
DA:188,11
DA:190,13
DA:192,13
DA:193,13
DA:194,13
DA:196,1
DA:197,1
DA:198,1
DA:200,12
DA:201,12
DA:202,12
DA:207,2
DA:209,2
DA:210,2
DA:212,1
DA:213,1
DA:215,0
DA:216,0
DA:217,0
DA:218,0
DA:220,0
DA:221,0
DA:223,0
DA:225,1
DA:227,2
DA:228,2
DA:229,2
DA:230,2
DA:231,2
DA:233,0
DA:235,0
DA:236,0
DA:239,0
DA:242,0
DA:243,0
DA:244,0
DA:245,0
DA:246,0
DA:247,0
DA:249,0
DA:251,0
DA:252,0
DA:254,0
DA:256,0
DA:257,0
DA:260,2
DA:262,2
DA:263,2
DA:264,2
DA:267,2
DA:269,2
DA:270,2
DA:272,1
DA:276,1
DA:279,2
DA:280,2
DA:281,2
DA:282,2
DA:283,2
DA:285,0
DA:286,0
DA:287,0
DA:289,0
DA:291,0
DA:293,0
DA:294,0
DA:295,0
DA:298,0
DA:300,2
DA:301,2
DA:302,2
DA:306,0
DA:310,0
DA:312,0
DA:315,0
DA:317,0
DA:318,0
DA:320,0
DA:322,0
DA:323,0
DA:324,0
DA:325,0
DA:328,0
DA:330,0
DA:331,0
DA:332,0
DA:333,0
DA:335,0
DA:337,0
DA:338,0
DA:340,0
DA:341,0
DA:344,0
DA:345,0
DA:346,0
DA:347,0
DA:348,0
DA:351,0
DA:353,0
DA:354,0
DA:356,0
DA:357,0
DA:359,0
DA:361,0
DA:363,0
DA:364,0
DA:365,0
DA:366,0
DA:368,0
DA:372,0
DA:373,0
DA:374,0
DA:375,0
DA:376,0
DA:377,0
DA:381,1
DA:383,1
DA:384,1
DA:385,1
DA:386,1
DA:388,0
DA:391,1
DA:392,1
DA:393,1
DA:394,1
DA:395,1
DA:396,1
DA:401,1
DA:402,1
DA:403,1
DA:408,1
DA:409,1
DA:410,1
DA:413,1
DA:415,1
DA:416,1
DA:417,1
DA:418,1
DA:420,0
DA:422,1
DA:423,1
DA:424,1
DA:425,1
DA:426,1
DA:429,1
DA:431,1
DA:432,1
DA:433,1
DA:434,1
DA:436,0
DA:439,1
DA:440,1
DA:441,1
DA:446,6
DA:449,6
DA:450,6
DA:451,6
DA:453,0
DA:457,6
DA:458,6
DA:459,6
DA:492,6
DA:494,6
DA:495,6
DA:496,6
DA:497,6
DA:498,6
DA:501,6
DA:503,6
DA:505,6
DA:506,6
DA:508,6
DA:509,6
DA:510,6
DA:512,0
DA:514,0
DA:515,0
DA:519,6
DA:520,6
DA:521,6
DA:523,6
DA:524,6
DA:526,6
DA:527,6
DA:528,6
DA:529,6
DA:531,0
DA:533,0
DA:534,0
DA:535,0
DA:536,0
DA:538,0
DA:539,0
DA:540,0
DA:542,0
DA:543,0
DA:544,0
DA:545,0
DA:546,0
DA:548,0
DA:550,0
DA:551,0
DA:555,0
DA:559,3
DA:561,3
DA:562,3
DA:563,3
DA:564,3
DA:565,3
DA:570,1
DA:575,1
DA:576,1
DA:577,1
DA:579,1
DA:580,1
DA:581,1
DA:582,1
DA:586,0
DA:590,5
DA:593,5
DA:594,5
DA:595,5
DA:596,5
DA:597,10
DA:599,5
DA:600,5
DA:601,5
DA:602,5
DA:604,5
DA:605,5
DA:608,2
DA:610,2
DA:611,2
DA:612,2
DA:614,0
DA:616,2
DA:618,5
DA:620,5
DA:621,5
DA:622,5
DA:624,5
DA:630,5
DA:631,5
DA:633,5
DA:634,5
DA:635,5
DA:636,5
DA:639,5
DA:641,5
DA:642,5
DA:643,5
DA:644,5
DA:645,5
DA:647,0
DA:649,5
DA:650,5
DA:651,5
DA:652,5
DA:653,5
DA:654,5
DA:656,5
DA:657,5
DA:659,0
DA:665,3
DA:670,3
DA:671,3
DA:672,3
DA:673,3
DA:674,3
DA:676,0
DA:678,3
DA:679,3
DA:681,1
DA:682,1
DA:684,2
DA:687,2
DA:688,2
DA:689,2
DA:690,2
DA:691,2
DA:693,0
DA:695,0
DA:697,0
DA:700,2
DA:704,2
DA:705,2
DA:707,0
DA:709,2
DA:710,2
DA:711,2
DA:712,2
DA:715,1
DA:721,1
DA:722,1
DA:723,1
DA:724,1
DA:726,1
DA:727,18
DA:729,17
DA:730,17
DA:731,19
DA:733,2
DA:734,2
DA:735,2
DA:736,2
DA:737,2
DA:740,1
DA:744,0
DA:748,0
DA:749,0
DA:750,0
DA:751,0
DA:757,0
DA:758,0
DA:759,0
DA:760,0
DA:762,0
DA:763,0
DA:764,0
DA:765,0
DA:767,0
DA:768,0
DA:769,0
DA:771,0
DA:773,0
DA:774,0
DA:775,0
DA:777,0
DA:779,0
DA:780,0
DA:781,0
DA:785,0
DA:788,0
DA:792,0
DA:794,0
DA:795,0
DA:796,0
DA:798,0
DA:800,0
DA:801,0
DA:803,0
DA:804,0
DA:805,0
DA:807,0
DA:808,0
DA:809,0
DA:810,0
DA:813,0
DA:814,0
DA:815,0
DA:824,0
DA:826,0
DA:827,0
DA:828,0
DA:830,0
DA:834,0
DA:835,0
end_of_record
TN:
SF:/home/alexandradahlberg/karin-alexandra.dahlberg.5793/inluppar/inlupp2/backtests.c
FN:8,init_suite
FNDA:1,init_suite
FN:15,clean_suite
FNDA:1,clean_suite
FN:24,test_db_create
FNDA:1,test_db_create
FN:31,test_add_merchandise
FNDA:1,test_add_merchandise
FN:46,test_add_already_exist
FNDA:1,test_add_already_exist
FN:62,test_remove_merchandise
FNDA:1,test_remove_merchandise
FN:78,test_edit_name_merchandise
FNDA:1,test_edit_name_merchandise
FN:98,test_edit_description_merchandise
FNDA:1,test_edit_description_merchandise
FN:120,test_edit_price_merchandise
FNDA:1,test_edit_price_merchandise
FN:142,test_replenish_stock
FNDA:1,test_replenish_stock
FN:162,test_replenish_sameshelf
FNDA:0,test_replenish_sameshelf
FN:187,test_add_remove_cart
FNDA:1,test_add_remove_cart
FN:211,test_add_remove_multiple_cart
FNDA:1,test_add_remove_multiple_cart
FN:254,test_calculate_costs
FNDA:1,test_calculate_costs
FN:310,main
FNDA:1,main
DA:8,1
DA:12,1
DA:15,1
DA:19,1
DA:24,1
DA:26,1
DA:27,1
DA:28,1
DA:29,1
DA:31,1
DA:33,1
DA:34,1
DA:35,1
DA:36,1
DA:37,1
DA:38,1
DA:39,1
DA:40,1
DA:41,1
DA:42,1
DA:43,1
DA:44,1
DA:46,1
DA:48,1
DA:49,1
DA:50,1
DA:51,1
DA:52,1
DA:53,1
DA:54,1
DA:55,1
DA:56,1
DA:57,1
DA:58,1
DA:59,1
DA:60,1
DA:62,1
DA:64,1
DA:65,1
DA:66,1
DA:67,1
DA:68,1
DA:69,1
DA:70,1
DA:71,1
DA:72,1
DA:73,1
DA:74,1
DA:75,1
DA:76,1
DA:78,1
DA:80,1
DA:81,1
DA:82,1
DA:83,1
DA:84,1
DA:86,1
DA:87,1
DA:88,1
DA:89,1
DA:90,1
DA:91,1
DA:92,1
DA:93,1
DA:94,1
DA:95,1
DA:96,1
DA:98,1
DA:100,1
DA:101,1
DA:102,1
DA:103,1
DA:104,1
DA:106,1
DA:107,1
DA:108,1
DA:109,1
DA:110,1
DA:111,1
DA:112,1
DA:113,1
DA:114,1
DA:115,1
DA:116,1
DA:117,1
DA:118,1
DA:120,1
DA:122,1
DA:123,1
DA:124,1
DA:125,1
DA:126,1
DA:128,1
DA:129,1
DA:130,1
DA:131,1
DA:132,1
DA:133,1
DA:134,1
DA:135,1
DA:136,1
DA:137,1
DA:138,1
DA:139,1
DA:140,1
DA:142,1
DA:144,1
DA:145,1
DA:146,1
DA:147,1
DA:148,1
DA:150,1
DA:151,1
DA:152,1
DA:153,1
DA:154,1
DA:155,1
DA:156,1
DA:157,1
DA:158,1
DA:159,1
DA:160,1
DA:162,0
DA:164,0
DA:165,0
DA:166,0
DA:167,0
DA:168,0
DA:170,0
DA:171,0
DA:172,0
DA:173,0
DA:174,0
DA:175,0
DA:176,0
DA:177,0
DA:178,0
DA:179,0
DA:180,0
DA:181,0
DA:182,0
DA:183,0
DA:184,0
DA:185,0
DA:187,1
DA:189,1
DA:190,1
DA:191,1
DA:192,1
DA:194,1
DA:195,1
DA:197,1
DA:198,1
DA:200,1
DA:201,1
DA:202,1
DA:203,1
DA:204,1
DA:206,1
DA:208,1
DA:209,1
DA:211,1
DA:213,1
DA:214,1
DA:215,1
DA:216,1
DA:218,1
DA:219,1
DA:220,1
DA:222,1
DA:223,1
DA:225,1
DA:226,1
DA:228,1
DA:229,1
DA:230,1
DA:232,1
DA:233,1
DA:234,1
DA:235,1
DA:236,1
DA:238,1
DA:239,1
DA:241,1
DA:242,1
DA:243,1
DA:244,1
DA:245,1
DA:248,1
DA:249,1
DA:251,1
DA:252,1
DA:254,1
DA:256,1
DA:257,1
DA:258,1
DA:259,1
DA:261,1
DA:262,1
DA:263,1
DA:265,1
DA:266,1
DA:268,1
DA:269,1
DA:271,1
DA:272,1
DA:273,1
DA:275,1
DA:276,1
DA:277,1
DA:310,1
DA:313,1
DA:314,0
DA:318,1
DA:319,1
DA:322,0
DA:323,0
DA:331,1
DA:332,2
DA:333,2
DA:334,2
DA:335,2
DA:336,2
DA:337,2
DA:338,2
DA:339,2
DA:341,2
DA:342,2
DA:343,1
DA:348,0
DA:349,0
DA:354,1
DA:357,1
DA:360,1
DA:361,1
end_of_record
TN:
SF:/home/alexandradahlberg/karin-alexandra.dahlberg.5793/inluppar/inlupp2/iterator.c
FN:31,ioopm_list_iterator
FNDA:9,ioopm_list_iterator
FN:40,ioopm_iterator_has_next
FNDA:7,ioopm_iterator_has_next
FN:56,ioopm_iterator_next
FNDA:7,ioopm_iterator_next
FN:69,ioopm_iterator_reset
FNDA:0,ioopm_iterator_reset
FN:74,ioopm_iterator_current
FNDA:7,ioopm_iterator_current
FN:79,ioopm_iterator_destroy
FNDA:9,ioopm_iterator_destroy
DA:31,9
DA:33,9
DA:34,9
DA:35,9
DA:37,9
DA:40,7
DA:42,7
DA:44,0
DA:46,7
DA:48,6
DA:52,1
DA:56,7
DA:58,7
DA:60,6
DA:64,1
DA:65,1
DA:69,0
DA:71,0
DA:72,0
DA:74,7
DA:76,7
DA:79,9
DA:81,9
DA:82,9
end_of_record
TN:
SF:/home/alexandradahlberg/karin-alexandra.dahlberg.5793/inluppar/inlupp2/hash_table.c
FN:27,key_equiv
FNDA:0,key_equiv
FN:34,value_equiv
FNDA:0,value_equiv
FN:45,hash_map_func_int
FNDA:0,hash_map_func_int
FN:60,find_previous_entry_for_key
FNDA:119,find_previous_entry_for_key
FN:76,entry_create
FNDA:27,entry_create
FN:85,ioopm_hash_table_destroy
FNDA:36,ioopm_hash_table_destroy
FN:92,ioopm_hash_table_create
FNDA:36,ioopm_hash_table_create
FN:100,ioopm_hash_table_insert
FNDA:28,ioopm_hash_table_insert
FN:132,ioopm_hash_table_lookup
FNDA:86,ioopm_hash_table_lookup
FN:154,ioopm_hash_table_remove
FNDA:5,ioopm_hash_table_remove
FN:174,ioopm_hash_table_size
FNDA:0,ioopm_hash_table_size
FN:191,ioopm_hash_table_is_empty
FNDA:0,ioopm_hash_table_is_empty
FN:205,ioopm_hash_table_clear
FNDA:36,ioopm_hash_table_clear
FN:225,ioopm_hash_table_keys
FNDA:4,ioopm_hash_table_keys
FN:243,ioopm_hash_table_values
FNDA:0,ioopm_hash_table_values
FN:262,ioopm_hash_table_any
FNDA:0,ioopm_hash_table_any
FN:281,ioopm_hash_table_all
FNDA:0,ioopm_hash_table_all
FN:306,ioopm_hash_table_has_key
FNDA:0,ioopm_hash_table_has_key
FN:311,ioopm_hash_table_has_value
FNDA:0,ioopm_hash_table_has_value
FN:316,hash_table_has_all_values
FNDA:0,hash_table_has_all_values
FN:321,ioopm_hash_table_apply_to_all
FNDA:49,ioopm_hash_table_apply_to_all
FN:335,ioopm_hash_table_apply_to_all_acc
FNDA:0,ioopm_hash_table_apply_to_all_acc
DA:27,0
DA:29,0
DA:30,0
DA:31,0
DA:34,0
DA:36,0
DA:37,0
DA:38,0
DA:40,0
DA:42,0
DA:45,0
DA:47,0
DA:48,0
DA:60,119
DA:62,119
DA:64,64
DA:66,64
DA:70,0
DA:73,55
DA:76,27
DA:78,27
DA:79,27
DA:80,27
DA:81,27
DA:82,27
DA:85,36
DA:88,36
DA:89,36
DA:90,36
DA:92,36
DA:94,36
DA:95,36
DA:96,36
DA:97,36
DA:100,28
DA:102,28
DA:104,28
DA:106,0
DA:110,28
DA:112,28
DA:115,28
DA:119,28
DA:122,1
DA:126,27
DA:132,86
DA:134,86
DA:136,86
DA:138,0
DA:140,86
DA:141,86
DA:142,86
DA:144,86
DA:146,58
DA:150,28
DA:154,5
DA:157,5
DA:158,5
DA:159,5
DA:160,5
DA:161,5
DA:162,5
DA:165,5
DA:166,5
DA:167,5
DA:168,5
DA:171,0
DA:174,0
DA:176,0
DA:177,0
DA:179,0
DA:180,0
DA:181,0
DA:183,0
DA:184,0
DA:185,0
DA:188,0
DA:191,0
DA:194,0
DA:196,0
DA:197,0
DA:199,0
DA:202,0
DA:205,36
DA:208,648
DA:210,612
DA:211,612
DA:212,634
DA:214,22
DA:215,22
DA:216,22
DA:218,612
DA:219,612
DA:223,36
DA:225,4
DA:229,4
DA:231,72
DA:233,68
DA:234,70
DA:236,2
DA:237,2
DA:240,4
DA:243,0
DA:245,0
DA:247,0
DA:250,0
DA:251,0
DA:253,0
DA:254,0
DA:259,0
DA:262,0
DA:264,0
DA:265,0
DA:266,0
DA:267,0
DA:269,0
DA:271,0
DA:272,0
DA:273,0
DA:276,0
DA:277,0
DA:278,0
DA:281,0
DA:283,0
DA:284,0
DA:285,0
DA:286,0
DA:288,0
DA:289,0
DA:290,0
DA:292,0
DA:294,0
DA:296,0
DA:297,0
DA:298,0
DA:301,0
DA:302,0
DA:303,0
DA:306,0
DA:308,0
DA:311,0
DA:313,0
DA:316,0
DA:318,0
DA:321,49
DA:323,882
DA:325,833
DA:326,833
DA:327,862
DA:329,29
DA:330,29
DA:333,49
DA:335,0
DA:337,0
DA:339,0
DA:340,0
DA:341,0
DA:343,0
DA:344,0
DA:347,0
end_of_record
